c:\users\oliver\desktop\c++\c++groupproject\c-groupproject\c++-group-project\c++-group-project\debug\vc141.pdb
c:\users\oliver\desktop\c++\c++groupproject\c-groupproject\c++-group-project\c++-group-project\debug\vc141.idb
c:\users\oliver\desktop\c++\c++groupproject\c-groupproject\c++-group-project\c++-group-project\debug\aldlist.obj
c:\users\oliver\desktop\c++\c++groupproject\c-groupproject\c++-group-project\c++-group-project\debug\cwaves.obj
c:\users\oliver\desktop\c++\c++groupproject\c-groupproject\c++-group-project\c++-group-project\debug\framework.obj
c:\users\oliver\desktop\c++\c++groupproject\c-groupproject\c++-group-project\c++-group-project\debug\loadoal.obj
c:\users\oliver\desktop\c++\c++groupproject\c-groupproject\c++-group-project\c++-group-project\debug\background.obj
c:\users\oliver\desktop\c++\c++groupproject\c-groupproject\c++-group-project\c++-group-project\debug\gameobject.obj
c:\users\oliver\desktop\c++\c++groupproject\c-groupproject\c++-group-project\c++-group-project\debug\gameworld.obj
c:\users\oliver\desktop\c++\c++groupproject\c-groupproject\c++-group-project\c++-group-project\debug\hats.obj
c:\users\oliver\desktop\c++\c++groupproject\c-groupproject\c++-group-project\c++-group-project\debug\npc.obj
c:\users\oliver\desktop\c++\c++groupproject\c-groupproject\c++-group-project\c++-group-project\debug\player.obj
c:\users\oliver\desktop\c++\c++groupproject\c-groupproject\c++-group-project\c++-group-project\debug\program.obj
c:\users\oliver\desktop\c++\c++groupproject\c-groupproject\c++-group-project\c++-group-project\debug\soundcontroller.obj
c:\users\oliver\desktop\c++\c++groupproject\c-groupproject\c++-group-project\debug\c++-group-project.exe
c:\users\oliver\desktop\c++\c++groupproject\c-groupproject\c++-group-project\debug\c++-group-project.pdb
c:\users\oliver\desktop\c++\c++groupproject\c-groupproject\c++-group-project\c++-group-project\debug\c++-grou.5310d24b.tlog\cl.command.1.tlog
c:\users\oliver\desktop\c++\c++groupproject\c-groupproject\c++-group-project\c++-group-project\debug\c++-grou.5310d24b.tlog\cl.read.1.tlog
c:\users\oliver\desktop\c++\c++groupproject\c-groupproject\c++-group-project\c++-group-project\debug\c++-grou.5310d24b.tlog\cl.write.1.tlog
c:\users\oliver\desktop\c++\c++groupproject\c-groupproject\c++-group-project\c++-group-project\debug\c++-grou.5310d24b.tlog\link.command.1.tlog
c:\users\oliver\desktop\c++\c++groupproject\c-groupproject\c++-group-project\c++-group-project\debug\c++-grou.5310d24b.tlog\link.read.1.tlog
c:\users\oliver\desktop\c++\c++groupproject\c-groupproject\c++-group-project\c++-group-project\debug\c++-grou.5310d24b.tlog\link.write.1.tlog
